0 info it worked if it ends with ok
1 verbose cli [ 'C:\\Program Files\\nodejs\\node.exe',
1 verbose cli   'C:\\Program Files\\nodejs\\node_modules\\npm\\bin\\npm-cli.js',
1 verbose cli   'run',
1 verbose cli   'dev',
1 verbose cli   '--',
1 verbose cli   '--basedir=C:\\scalamp\\vhosts\\cndp\\sites\\all\\themes\\garant\\mail' ]
2 info using npm@3.8.9
3 info using node@v6.2.0
4 verbose run-script [ 'predev', 'dev', 'postdev' ]
5 info lifecycle BuildTool@0.0.1~predev: BuildTool@0.0.1
6 silly lifecycle BuildTool@0.0.1~predev: no script for predev, continuing
7 info lifecycle BuildTool@0.0.1~dev: BuildTool@0.0.1
8 verbose lifecycle BuildTool@0.0.1~dev: unsafe-perm in lifecycle true
9 verbose lifecycle BuildTool@0.0.1~dev: PATH: C:\Program Files\nodejs\node_modules\npm\bin\node-gyp-bin;C:\build-tool\node_modules\.bin;C:\Program Files\nodejs;C:\ProgramData\Oracle\Java\javapath;C:\python35\Scripts\;C:\python35\;C:\Program Files\ImageMagick-6.9.2-Q16;C:\WINDOWS\system32;C:\WINDOWS;C:\WINDOWS\System32\Wbem;C:\WINDOWS\System32\WindowsPowerShell\v1.0\;C:\Program Files\TortoiseSVN\bin;C:\Program Files\Git\cmd;C:\Program Files\Git\mingw64\bin;C:\Program Files\Git\usr\bin;C:\Program Files (x86)\GtkSharp\2.12\bin;C:\Program Files\TortoiseGit\bin;C:\Program Files (x86)\Windows Kits\8.1\Windows Performance Toolkit\;C:\Program Files\nodejs\;C:\Ruby22\bin;C:\Users\lfalda\.babun;C:\Users\lfalda\AppData\Local\atom\bin;C:\Users\lfalda\AppData\Roaming\npm
10 verbose lifecycle BuildTool@0.0.1~dev: CWD: C:\build-tool
11 silly lifecycle BuildTool@0.0.1~dev: Args: [ '/d /s /c',
11 silly lifecycle   'gulp --dev "--basedir=C:\\scalamp\\vhosts\\cndp\\sites\\all\\themes\\garant\\mail"' ]
12 silly lifecycle BuildTool@0.0.1~dev: Returned: code: 1  signal: null
13 info lifecycle BuildTool@0.0.1~dev: Failed to exec dev script
14 verbose stack Error: BuildTool@0.0.1 dev: `gulp --dev "--basedir=C:\scalamp\vhosts\cndp\sites\all\themes\garant\mail"`
14 verbose stack Exit status 1
14 verbose stack     at EventEmitter.<anonymous> (C:\Program Files\nodejs\node_modules\npm\lib\utils\lifecycle.js:245:16)
14 verbose stack     at emitTwo (events.js:106:13)
14 verbose stack     at EventEmitter.emit (events.js:191:7)
14 verbose stack     at ChildProcess.<anonymous> (C:\Program Files\nodejs\node_modules\npm\lib\utils\spawn.js:24:14)
14 verbose stack     at emitTwo (events.js:106:13)
14 verbose stack     at ChildProcess.emit (events.js:191:7)
14 verbose stack     at maybeClose (internal/child_process.js:850:16)
14 verbose stack     at Process.ChildProcess._handle.onexit (internal/child_process.js:215:5)
15 verbose pkgid BuildTool@0.0.1
16 verbose cwd C:\build-tool
17 error Windows_NT 6.3.9600
18 error argv "C:\\Program Files\\nodejs\\node.exe" "C:\\Program Files\\nodejs\\node_modules\\npm\\bin\\npm-cli.js" "run" "dev" "--" "--basedir=C:\\scalamp\\vhosts\\cndp\\sites\\all\\themes\\garant\\mail"
19 error node v6.2.0
20 error npm  v3.8.9
21 error code ELIFECYCLE
22 error BuildTool@0.0.1 dev: `gulp --dev "--basedir=C:\scalamp\vhosts\cndp\sites\all\themes\garant\mail"`
22 error Exit status 1
23 error Failed at the BuildTool@0.0.1 dev script 'gulp --dev "--basedir=C:\scalamp\vhosts\cndp\sites\all\themes\garant\mail"'.
23 error Make sure you have the latest version of node.js and npm installed.
23 error If you do, this is most likely a problem with the BuildTool package,
23 error not with npm itself.
23 error Tell the author that this fails on your system:
23 error     gulp --dev "--basedir=C:\scalamp\vhosts\cndp\sites\all\themes\garant\mail"
23 error You can get information on how to open an issue for this project with:
23 error     npm bugs BuildTool
23 error Or if that isn't available, you can get their info via:
23 error     npm owner ls BuildTool
23 error There is likely additional logging output above.
24 verbose exit [ 1, true ]
